#! /usr/bin/vvp
:ivl_version "12.0 (stable)";
:ivl_delay_selection "TYPICAL";
:vpi_time_precision + 0;
:vpi_module "/usr/lib64/ivl/system.vpi";
:vpi_module "/usr/lib64/ivl/vhdl_sys.vpi";
:vpi_module "/usr/lib64/ivl/vhdl_textio.vpi";
:vpi_module "/usr/lib64/ivl/v2005_math.vpi";
:vpi_module "/usr/lib64/ivl/va_math.vpi";
:vpi_module "/usr/lib64/ivl/v2009.vpi";
S_0x5655498d6500 .scope package, "$unit" "$unit" 2 1;
 .timescale 0 0;
S_0x5655498d6690 .scope module, "rendertile" "rendertile" 3 2;
 .timescale 0 0;
    .port_info 0 /INPUT 1 "clk";
    .port_info 1 /INPUT 1 "rst_n";
    .port_info 2 /INPUT 5 "instruction_in";
    .port_info 3 /INPUT 1 "enable";
    .port_info 4 /INPUT 12 "arg1_in";
    .port_info 5 /INPUT 12 "arg2_in";
    .port_info 6 /INPUT 12 "arg3_in";
    .port_info 7 /INPUT 12 "arg4_in";
    .port_info 8 /INPUT 11 "arg5_in";
    .port_info 9 /OUTPUT 1 "busy";
    .port_info 10 /OUTPUT 4 "error_code";
P_0x565549909c70 .param/l "E_IINST" 1 3 34, C4<0010>;
P_0x565549909cb0 .param/l "E_NOERR" 1 3 32, C4<0000>;
P_0x565549909cf0 .param/l "E_UNIMP" 1 3 33, C4<0001>;
P_0x565549909d30 .param/l "INSTR_BLIT" 1 3 36, C4<00000>;
P_0x565549909d70 .param/l "INSTR_DRAWSPRITE_V1" 1 3 40, C4<00100>;
P_0x565549909db0 .param/l "INSTR_FILLCOLOR" 1 3 38, C4<00010>;
P_0x565549909df0 .param/l "INSTR_PUTPIXEL" 1 3 39, C4<00011>;
P_0x565549909e30 .param/l "INSTR_SETCOORD" 1 3 37, C4<00001>;
P_0x565549909e70 .param/l "STATE_FILLCOLOR" 1 3 29, +C4<00000000000000000000000000000010>;
P_0x565549909eb0 .param/l "STATE_PREPARE" 1 3 28, +C4<00000000000000000000000000000001>;
P_0x565549909ef0 .param/l "STATE_PUTPIXEL" 1 3 30, +C4<00000000000000000000000000000011>;
P_0x565549909f30 .param/l "STATE_READY" 1 3 27, +C4<00000000000000000000000000000000>;
L_0x565549902200 .functor AND 1, L_0x565549942890, L_0x565549942ad0, C4<1>, C4<1>;
v0x5655499030f0_0 .net "PUTPIXEL_inrange", 0 0, L_0x565549902200;  1 drivers
v0x565549907410_0 .net "PUTPIXEL_xcoord", 5 0, L_0x565549942620;  1 drivers
v0x5655499074b0_0 .net "PUTPIXEL_ycoord", 5 0, L_0x5655499426c0;  1 drivers
v0x565549907ce0_0 .var "SETCOORD_capture_coordinates", 0 0;
v0x565549907d80_0 .var "X_INDEX", 4 0;
v0x565549908880_0 .var "Y_INDEX", 4 0;
v0x565549908920_0 .net *"_ivl_10", 0 0, L_0x565549942ad0;  1 drivers
v0x565549940860_0 .net *"_ivl_5", 4 0, L_0x5655499427c0;  1 drivers
v0x565549940940_0 .net *"_ivl_6", 0 0, L_0x565549942890;  1 drivers
v0x565549940a00_0 .net *"_ivl_9", 4 0, L_0x5655499429b0;  1 drivers
v0x565549940ae0_0 .var "arg1", 11 0;
o0x7feabfec2228 .functor BUFZ 12, C4<zzzzzzzzzzzz>; HiZ drive
v0x565549940bc0_0 .net "arg1_in", 11 0, o0x7feabfec2228;  0 drivers
v0x565549940ca0_0 .var "arg2", 11 0;
o0x7feabfec2288 .functor BUFZ 12, C4<zzzzzzzzzzzz>; HiZ drive
v0x565549940d80_0 .net "arg2_in", 11 0, o0x7feabfec2288;  0 drivers
v0x565549940e60_0 .var "arg3", 11 0;
o0x7feabfec22e8 .functor BUFZ 12, C4<zzzzzzzzzzzz>; HiZ drive
v0x565549940f40_0 .net "arg3_in", 11 0, o0x7feabfec22e8;  0 drivers
v0x565549941020_0 .var "arg4", 11 0;
o0x7feabfec2348 .functor BUFZ 12, C4<zzzzzzzzzzzz>; HiZ drive
v0x565549941210_0 .net "arg4_in", 11 0, o0x7feabfec2348;  0 drivers
v0x5655499412f0_0 .var "arg5", 10 0;
o0x7feabfec23a8 .functor BUFZ 11, C4<zzzzzzzzzzz>; HiZ drive
v0x5655499413d0_0 .net "arg5_in", 10 0, o0x7feabfec23a8;  0 drivers
v0x5655499414b0_0 .var "busy", 0 0;
v0x565549941570_0 .var "capture_instruction", 0 0;
v0x565549941630_0 .var "clear_done_fillcolor", 0 0;
v0x5655499416f0_0 .var "clear_error", 0 0;
o0x7feabfec2498 .functor BUFZ 1, C4<z>; HiZ drive
v0x5655499417b0_0 .net "clk", 0 0, o0x7feabfec2498;  0 drivers
v0x565549941870_0 .var "done_fillcolor", 0 0;
o0x7feabfec24f8 .functor BUFZ 1, C4<z>; HiZ drive
v0x565549941930_0 .net "enable", 0 0, o0x7feabfec24f8;  0 drivers
v0x5655499419f0_0 .var "error_code", 3 0;
v0x565549941ad0_0 .var "fillcolor_w_address", 11 0;
v0x565549941bb0_0 .var "go_fillcolor", 0 0;
v0x565549941c70_0 .var "instruction", 4 0;
o0x7feabfec25e8 .functor BUFZ 5, C4<zzzzz>; HiZ drive
v0x565549941d50_0 .net "instruction_in", 4 0, o0x7feabfec25e8;  0 drivers
v0x565549941e30_0 .var "next_state", 3 0;
o0x7feabfec2648 .functor BUFZ 1, C4<z>; HiZ drive
v0x565549942120_0 .net "rst_n", 0 0, o0x7feabfec2648;  0 drivers
v0x5655499421e0_0 .var "set_error", 0 0;
v0x5655499422a0_0 .var "set_error_code", 3 0;
v0x565549942380_0 .var "state", 3 0;
E_0x565549915790/0 .event negedge, v0x565549942120_0;
E_0x565549915790/1 .event posedge, v0x5655499417b0_0;
E_0x565549915790 .event/or E_0x565549915790/0, E_0x565549915790/1;
E_0x565549915ad0/0 .event anyedge, v0x565549942380_0, v0x565549941930_0, v0x565549941c70_0, v0x5655499030f0_0;
E_0x565549915ad0/1 .event anyedge, v0x565549941870_0;
E_0x565549915ad0 .event/or E_0x565549915ad0/0, E_0x565549915ad0/1;
L_0x565549942620 .part v0x565549940ae0_0, 0, 6;
L_0x5655499426c0 .part v0x565549940ca0_0, 0, 6;
L_0x5655499427c0 .part v0x565549940ae0_0, 6, 5;
L_0x565549942890 .cmp/eq 5, L_0x5655499427c0, v0x565549907d80_0;
L_0x5655499429b0 .part v0x565549940ca0_0, 6, 5;
L_0x565549942ad0 .cmp/eq 5, L_0x5655499429b0, v0x565549908880_0;
    .scope S_0x5655498d6690;
T_0 ;
    %wait E_0x565549915790;
    %load/vec4 v0x565549941e30_0;
    %assign/vec4 v0x565549942380_0, 0;
    %jmp T_0;
    .thread T_0;
    .scope S_0x5655498d6690;
T_1 ;
    %wait E_0x565549915790;
    %load/vec4 v0x565549942120_0;
    %inv;
    %flag_set/vec4 8;
    %jmp/0xz  T_1.0, 8;
    %pushi/vec4 0, 0, 5;
    %assign/vec4 v0x565549907d80_0, 0;
    %pushi/vec4 0, 0, 5;
    %assign/vec4 v0x565549908880_0, 0;
    %jmp T_1.1;
T_1.0 ;
    %load/vec4 v0x565549907ce0_0;
    %flag_set/vec4 8;
    %jmp/0xz  T_1.2, 8;
    %load/vec4 v0x565549940ae0_0;
    %parti/s 5, 0, 2;
    %assign/vec4 v0x565549907d80_0, 0;
    %load/vec4 v0x565549940ca0_0;
    %parti/s 5, 0, 2;
    %assign/vec4 v0x565549908880_0, 0;
T_1.2 ;
T_1.1 ;
    %jmp T_1;
    .thread T_1;
    .scope S_0x5655498d6690;
T_2 ;
Ewait_0 .event/or E_0x565549915ad0, E_0x0;
    %wait Ewait_0;
    %pushi/vec4 0, 0, 1;
    %store/vec4 v0x565549941570_0, 0, 1;
    %load/vec4 v0x565549942380_0;
    %store/vec4 v0x565549941e30_0, 0, 4;
    %pushi/vec4 0, 0, 1;
    %store/vec4 v0x5655499416f0_0, 0, 1;
    %pushi/vec4 0, 0, 1;
    %store/vec4 v0x5655499421e0_0, 0, 1;
    %pushi/vec4 0, 0, 4;
    %store/vec4 v0x5655499422a0_0, 0, 4;
    %pushi/vec4 1, 0, 1;
    %store/vec4 v0x5655499414b0_0, 0, 1;
    %pushi/vec4 0, 0, 1;
    %store/vec4 v0x565549941bb0_0, 0, 1;
    %pushi/vec4 0, 0, 1;
    %store/vec4 v0x565549907ce0_0, 0, 1;
    %load/vec4 v0x565549942380_0;
    %dup/vec4;
    %pushi/vec4 0, 0, 4;
    %cmp/u;
    %jmp/1 T_2.0, 6;
    %dup/vec4;
    %pushi/vec4 1, 0, 4;
    %cmp/u;
    %jmp/1 T_2.1, 6;
    %dup/vec4;
    %pushi/vec4 2, 0, 4;
    %cmp/u;
    %jmp/1 T_2.2, 6;
    %dup/vec4;
    %pushi/vec4 3, 0, 4;
    %cmp/u;
    %jmp/1 T_2.3, 6;
    %jmp T_2.4;
T_2.0 ;
    %pushi/vec4 0, 0, 1;
    %store/vec4 v0x5655499414b0_0, 0, 1;
    %load/vec4 v0x565549941930_0;
    %flag_set/vec4 8;
    %jmp/0xz  T_2.5, 8;
    %pushi/vec4 1, 0, 1;
    %store/vec4 v0x565549941570_0, 0, 1;
    %pushi/vec4 1, 0, 1;
    %store/vec4 v0x5655499416f0_0, 0, 1;
    %pushi/vec4 1, 0, 4;
    %store/vec4 v0x565549941e30_0, 0, 4;
T_2.5 ;
    %jmp T_2.4;
T_2.1 ;
    %load/vec4 v0x565549941c70_0;
    %dup/vec4;
    %pushi/vec4 0, 0, 5;
    %cmp/u;
    %jmp/1 T_2.7, 6;
    %dup/vec4;
    %pushi/vec4 1, 0, 5;
    %cmp/u;
    %jmp/1 T_2.8, 6;
    %dup/vec4;
    %pushi/vec4 2, 0, 5;
    %cmp/u;
    %jmp/1 T_2.9, 6;
    %dup/vec4;
    %pushi/vec4 3, 0, 5;
    %cmp/u;
    %jmp/1 T_2.10, 6;
    %pushi/vec4 2, 0, 4;
    %store/vec4 v0x5655499422a0_0, 0, 4;
    %pushi/vec4 1, 0, 1;
    %store/vec4 v0x5655499421e0_0, 0, 1;
    %pushi/vec4 0, 0, 4;
    %store/vec4 v0x565549941e30_0, 0, 4;
    %jmp T_2.12;
T_2.7 ;
    %pushi/vec4 1, 0, 4;
    %store/vec4 v0x5655499422a0_0, 0, 4;
    %pushi/vec4 1, 0, 1;
    %store/vec4 v0x5655499421e0_0, 0, 1;
    %pushi/vec4 0, 0, 4;
    %store/vec4 v0x565549941e30_0, 0, 4;
    %jmp T_2.12;
T_2.8 ;
    %pushi/vec4 1, 0, 1;
    %store/vec4 v0x565549907ce0_0, 0, 1;
    %pushi/vec4 0, 0, 4;
    %store/vec4 v0x565549941e30_0, 0, 4;
    %jmp T_2.12;
T_2.9 ;
    %pushi/vec4 1, 0, 1;
    %store/vec4 v0x565549941bb0_0, 0, 1;
    %pushi/vec4 2, 0, 4;
    %store/vec4 v0x565549941e30_0, 0, 4;
    %jmp T_2.12;
T_2.10 ;
    %load/vec4 v0x5655499030f0_0;
    %flag_set/vec4 8;
    %jmp/0xz  T_2.13, 8;
    %jmp T_2.14;
T_2.13 ;
    %pushi/vec4 0, 0, 4;
    %store/vec4 v0x565549941e30_0, 0, 4;
T_2.14 ;
    %jmp T_2.12;
T_2.12 ;
    %pop/vec4 1;
    %jmp T_2.4;
T_2.2 ;
    %load/vec4 v0x565549941870_0;
    %flag_set/vec4 8;
    %jmp/0xz  T_2.15, 8;
    %pushi/vec4 0, 0, 4;
    %store/vec4 v0x565549941e30_0, 0, 4;
    %pushi/vec4 1, 0, 1;
    %store/vec4 v0x565549941630_0, 0, 1;
T_2.15 ;
    %jmp T_2.4;
T_2.3 ;
    %jmp T_2.4;
T_2.4 ;
    %pop/vec4 1;
    %jmp T_2;
    .thread T_2, $push;
    .scope S_0x5655498d6690;
T_3 ;
    %wait E_0x565549915790;
    %load/vec4 v0x565549942120_0;
    %inv;
    %flag_set/vec4 8;
    %jmp/0xz  T_3.0, 8;
    %pushi/vec4 0, 0, 5;
    %assign/vec4 v0x565549941c70_0, 0;
    %pushi/vec4 0, 0, 12;
    %assign/vec4 v0x565549940ae0_0, 0;
    %pushi/vec4 0, 0, 12;
    %assign/vec4 v0x565549940ca0_0, 0;
    %pushi/vec4 0, 0, 12;
    %assign/vec4 v0x565549940e60_0, 0;
    %pushi/vec4 0, 0, 12;
    %assign/vec4 v0x565549941020_0, 0;
    %pushi/vec4 0, 0, 11;
    %assign/vec4 v0x5655499412f0_0, 0;
    %jmp T_3.1;
T_3.0 ;
    %load/vec4 v0x565549941570_0;
    %flag_set/vec4 8;
    %jmp/0xz  T_3.2, 8;
    %load/vec4 v0x565549941d50_0;
    %assign/vec4 v0x565549941c70_0, 0;
    %load/vec4 v0x565549940bc0_0;
    %assign/vec4 v0x565549940ae0_0, 0;
    %load/vec4 v0x565549940d80_0;
    %assign/vec4 v0x565549940ca0_0, 0;
    %load/vec4 v0x565549940f40_0;
    %assign/vec4 v0x565549940e60_0, 0;
    %load/vec4 v0x565549941210_0;
    %assign/vec4 v0x565549941020_0, 0;
    %load/vec4 v0x5655499413d0_0;
    %assign/vec4 v0x5655499412f0_0, 0;
T_3.2 ;
T_3.1 ;
    %jmp T_3;
    .thread T_3;
    .scope S_0x5655498d6690;
T_4 ;
    %wait E_0x565549915790;
    %load/vec4 v0x565549942120_0;
    %inv;
    %flag_set/vec4 8;
    %jmp/0xz  T_4.0, 8;
    %pushi/vec4 0, 0, 4;
    %assign/vec4 v0x5655499419f0_0, 0;
    %jmp T_4.1;
T_4.0 ;
    %load/vec4 v0x5655499421e0_0;
    %flag_set/vec4 8;
    %jmp/0xz  T_4.2, 8;
    %load/vec4 v0x5655499422a0_0;
    %assign/vec4 v0x5655499419f0_0, 0;
    %jmp T_4.3;
T_4.2 ;
    %load/vec4 v0x5655499416f0_0;
    %flag_set/vec4 8;
    %jmp/0xz  T_4.4, 8;
    %pushi/vec4 0, 0, 4;
    %assign/vec4 v0x5655499419f0_0, 0;
T_4.4 ;
T_4.3 ;
T_4.1 ;
    %jmp T_4;
    .thread T_4;
    .scope S_0x5655498d6690;
T_5 ;
    %wait E_0x565549915790;
    %load/vec4 v0x565549942120_0;
    %inv;
    %flag_set/vec4 8;
    %jmp/0xz  T_5.0, 8;
    %pushi/vec4 0, 0, 12;
    %assign/vec4 v0x565549941ad0_0, 0;
    %jmp T_5.1;
T_5.0 ;
    %load/vec4 v0x565549942380_0;
    %pad/u 32;
    %cmpi/ne 2, 0, 32;
    %jmp/0xz  T_5.2, 4;
    %pushi/vec4 0, 0, 12;
    %assign/vec4 v0x565549941ad0_0, 0;
    %jmp T_5.3;
T_5.2 ;
    %load/vec4 v0x565549941ad0_0;
    %pad/u 32;
    %cmpi/u 256, 0, 32;
    %jmp/0xz  T_5.4, 5;
    %load/vec4 v0x565549941ad0_0;
    %addi 1, 0, 12;
    %assign/vec4 v0x565549941ad0_0, 0;
T_5.4 ;
T_5.3 ;
T_5.1 ;
    %jmp T_5;
    .thread T_5;
    .scope S_0x5655498d6690;
T_6 ;
    %wait E_0x565549915790;
    %load/vec4 v0x565549942120_0;
    %inv;
    %flag_set/vec4 8;
    %jmp/0xz  T_6.0, 8;
    %pushi/vec4 0, 0, 1;
    %assign/vec4 v0x565549941870_0, 0;
    %jmp T_6.1;
T_6.0 ;
    %load/vec4 v0x565549941630_0;
    %flag_set/vec4 8;
    %jmp/0xz  T_6.2, 8;
    %pushi/vec4 0, 0, 1;
    %assign/vec4 v0x565549941870_0, 0;
    %jmp T_6.3;
T_6.2 ;
    %load/vec4 v0x565549941ad0_0;
    %pad/u 32;
    %cmpi/e 256, 0, 32;
    %flag_get/vec4 4;
    %jmp/0 T_6.6, 4;
    %load/vec4 v0x565549942380_0;
    %pad/u 32;
    %pushi/vec4 2, 0, 32;
    %cmp/e;
    %flag_get/vec4 4;
    %and;
T_6.6;
    %flag_set/vec4 8;
    %jmp/0xz  T_6.4, 8;
    %pushi/vec4 1, 0, 1;
    %assign/vec4 v0x565549941870_0, 0;
T_6.4 ;
T_6.3 ;
T_6.1 ;
    %jmp T_6;
    .thread T_6;
# The file index is used to find the file name in the following table.
:file_names 4;
    "N/A";
    "<interactive>";
    "-";
    "rendertile.sv";
